\BOOKMARK [1][-]{section.1}{\376\377\000T\000h\000e\000\040\000m\000o\000d\000e\000l}{}% 1
\BOOKMARK [1][-]{section.2}{\376\377\000H\000u\000b\000b\000a\000r\000d\000-\000S\000t\000r\000a\000t\000o\000n\000o\000v\000i\000c\000h\000\040\000t\000r\000a\000n\000s\000f\000o\000r\000m\000a\000t\000i\000o\000n}{}% 2
\BOOKMARK [1][-]{section.3}{\376\377\000C\000o\000n\000v\000e\000x\000i\000t\000y\000\040\000a\000n\000d\000\040\000s\000a\000d\000d\000l\000e\000\040\000p\000o\000i\000n\000t}{}% 3
\BOOKMARK [1][-]{section.4}{\376\377\000B\000r\000a\000s\000c\000a\000m\000p\000-\000L\000i\000e\000b\000\040\000c\000o\000n\000c\000e\000n\000t\000r\000a\000t\000i\000o\000n}{}% 4
\BOOKMARK [1][-]{section.5}{\376\377\000E\000x\000p\000o\000n\000e\000n\000t\000i\000a\000l\000\040\000d\000e\000c\000a\000y\000\040\000o\000f\000\040\000-\000c\000o\000r\000r\000e\000l\000a\000t\000i\000o\000n\000s}{}% 5
\BOOKMARK [1][-]{section.6}{\376\377\000E\000x\000p\000o\000n\000e\000n\000t\000i\000a\000l\000\040\000d\000e\000c\000a\000y\000\040\000v\000i\000a\000\040\000F\000e\000y\000n\000m\000a\000n\000-\000K\000a\000c}{}% 6
\BOOKMARK [2][-]{subsection.6.1}{\376\377\000T\000w\000o\000\040\000a\000p\000p\000r\000o\000a\000c\000h\000e\000s\000:\000\040\000r\000e\000s\000o\000l\000v\000e\000n\000t\000\040\000s\000e\000r\000i\000e\000s\000\040\000v\000s\000.\000\040\000F\000e\000y\000n\000m\000a\000n\000-\000K\000a\000c}{section.6}% 7
\BOOKMARK [2][-]{subsection.6.2}{\376\377\000T\000h\000e\000\040\000F\000e\000y\000n\000m\000a\000n\000-\000K\000a\000c\000\040\000r\000e\000p\000r\000e\000s\000e\000n\000t\000a\000t\000i\000o\000n}{section.6}% 8
\BOOKMARK [2][-]{subsection.6.3}{\376\377\000C\000u\000m\000u\000l\000a\000n\000t\000\040\000e\000x\000p\000a\000n\000s\000i\000o\000n\000\040\000o\000f\000\040\000t\000h\000e\000\040\000e\000x\000p\000o\000n\000e\000n\000t\000i\000a\000l}{section.6}% 9
\BOOKMARK [2][-]{subsection.6.4}{\376\377\000T\000h\000e\000\040\000r\000e\000n\000o\000r\000m\000a\000l\000i\000z\000e\000d\000\040\000m\000a\000s\000s}{section.6}% 10
\BOOKMARK [2][-]{subsection.6.5}{\376\377\000W\000h\000y\000\040\000F\000e\000y\000n\000m\000a\000n\000-\000K\000a\000c\000\040\000i\000s\000\040\000b\000e\000t\000t\000e\000r\000\040\000t\000h\000a\000n\000\040\000t\000h\000e\000\040\000r\000e\000s\000o\000l\000v\000e\000n\000t\000\040\000s\000e\000r\000i\000e\000s}{section.6}% 11
\BOOKMARK [1][-]{section.7}{\376\377\000T\000h\000e\000\040\000m\000a\000s\000s\000\040\000g\000a\000p\000\040\000t\000h\000e\000o\000r\000e\000m}{}% 12
\BOOKMARK [1][-]{section.8}{\376\377\000N\000u\000m\000e\000r\000i\000c\000a\000l\000\040\000b\000o\000u\000n\000d\000s}{}% 13
\BOOKMARK [2][-]{subsection.8.1}{\376\377\000C\000o\000n\000c\000r\000e\000t\000e\000\040\000e\000x\000a\000m\000p\000l\000e\000s}{section.8}% 14
\BOOKMARK [2][-]{subsection.8.2}{\376\377\000T\000h\000e\000\040\000c\000o\000n\000v\000e\000x\000i\000t\000y\000\040\000t\000h\000r\000e\000s\000h\000o\000l\000d\000\040\000c}{section.8}% 15
\BOOKMARK [1][-]{section.9}{\376\377\000C\000o\000n\000v\000e\000r\000g\000e\000n\000c\000e\000\040\000o\000f\000\040\000t\000h\000e\000\040\0001\000/\000N\000\040\000e\000x\000p\000a\000n\000s\000i\000o\000n}{}% 16
\BOOKMARK [2][-]{subsection.9.1}{\376\377\000S\000u\000b\000-\000G\000a\000u\000s\000s\000i\000a\000n\000\040\000t\000a\000i\000l\000s\000\040\000f\000r\000o\000m\000\040\000l\000o\000g\000-\000c\000o\000n\000c\000a\000v\000i\000t\000y}{section.9}% 17
\BOOKMARK [2][-]{subsection.9.2}{\376\377\000C\000o\000n\000v\000e\000r\000g\000e\000n\000t\000\040\000T\000a\000y\000l\000o\000r\000\040\000e\000x\000p\000a\000n\000s\000i\000o\000n}{section.9}% 18
\BOOKMARK [2][-]{subsection.9.3}{\376\377\000T\000h\000e\000\040\0001\000/\000N\000\040\000e\000x\000p\000a\000n\000s\000i\000o\000n\000\040\000a\000s\000\040\000a\000\040\000c\000u\000m\000u\000l\000a\000n\000t\000\040\000e\000x\000p\000a\000n\000s\000i\000o\000n}{section.9}% 19
\BOOKMARK [2][-]{subsection.9.4}{\376\377\000C\000o\000n\000n\000e\000c\000t\000i\000o\000n\000\040\000t\000o\000\040\000t\000h\000e\000\040\000B\000K\000T\000\040\000t\000r\000a\000n\000s\000i\000t\000i\000o\000n}{section.9}% 20
\BOOKMARK [1][-]{section.10}{\376\377\000P\000r\000i\000o\000r\000\040\000a\000n\000d\000\040\000r\000e\000l\000a\000t\000e\000d\000\040\000w\000o\000r\000k}{}% 21
\BOOKMARK [2][-]{subsection.10.1}{\376\377\000C\000o\000n\000s\000t\000r\000u\000c\000t\000i\000v\000e\000\040\000Q\000F\000T\000\040\000a\000n\000d\000\040\000c\000l\000u\000s\000t\000e\000r\000\040\000e\000x\000p\000a\000n\000s\000i\000o\000n}{section.10}% 22
\BOOKMARK [2][-]{subsection.10.2}{\376\377\000B\000r\000a\000s\000c\000a\000m\000p\000-\000L\000i\000e\000b\000\040\000a\000n\000d\000\040\000f\000u\000n\000c\000t\000i\000o\000n\000a\000l\000\040\000i\000n\000e\000q\000u\000a\000l\000i\000t\000i\000e\000s}{section.10}% 23
\BOOKMARK [2][-]{subsection.10.3}{\376\377\000T\000h\000e\000\040\000-\000m\000o\000d\000e\000l\000\040\000a\000n\000d\000\040\000l\000a\000r\000g\000e\000\040\000N}{section.10}% 24
\BOOKMARK [2][-]{subsection.10.4}{\376\377\000R\000a\000n\000d\000o\000m\000\040\000S\000c\000h\000r\000\366\000d\000i\000n\000g\000e\000r\000\040\000o\000p\000e\000r\000a\000t\000o\000r\000s}{section.10}% 25
\BOOKMARK [2][-]{subsection.10.5}{\376\377\000W\000h\000y\000\040\000t\000h\000i\000s\000\040\000c\000o\000m\000b\000i\000n\000a\000t\000i\000o\000n\000\040\000i\000s\000\040\000n\000e\000w}{section.10}% 26
\BOOKMARK [1][-]{section.11}{\376\377\000T\000h\000e\000\040\0001\000/\000N\000-\000c\000o\000r\000r\000e\000c\000t\000e\000d\000\040\000g\000a\000p\000\040\000e\000q\000u\000a\000t\000i\000o\000n}{}% 27
\BOOKMARK [2][-]{subsection.11.1}{\376\377\000L\000e\000a\000d\000i\000n\000g\000\040\000o\000r\000d\000e\000r\000\040\000\050\000N\000\040\000=\000\040\000\051}{section.11}% 28
\BOOKMARK [2][-]{subsection.11.2}{\376\377\000-\000p\000r\000o\000p\000a\000g\000a\000t\000o\000r\000\040\000a\000n\000d\000\040\000s\000e\000l\000f\000-\000e\000n\000e\000r\000g\000y}{section.11}% 29
\BOOKMARK [2][-]{subsection.11.3}{\376\377\000T\000h\000e\000\040\000c\000o\000r\000r\000e\000c\000t\000e\000d\000\040\000m\000a\000s\000s}{section.11}% 30
\BOOKMARK [2][-]{subsection.11.4}{\376\377\000A\000s\000y\000m\000p\000t\000o\000t\000i\000c\000\040\000n\000a\000t\000u\000r\000e\000\040\000a\000n\000d\000\040\000B\000o\000r\000e\000l\000\040\000s\000u\000m\000m\000a\000b\000i\000l\000i\000t\000y}{section.11}% 31
\BOOKMARK [2][-]{subsection.11.5}{\376\377\000T\000h\000e\000\040\000N\000L\000S\000M\000\040\000l\000i\000m\000i\000t\000\040\000\050\000\051}{section.11}% 32
\BOOKMARK [1][-]{section.12}{\376\377\000M\000o\000n\000o\000t\000o\000n\000i\000c\000i\000t\000y\000\040\000a\000n\000d\000\040\000t\000h\000e\000\040\000N\000L\000S\000M\000\040\000m\000a\000s\000s\000\040\000g\000a\000p}{}% 33
\BOOKMARK [1][-]{section.13}{\376\377\000P\000h\000y\000s\000i\000c\000a\000l\000\040\000a\000n\000a\000l\000y\000s\000i\000s\000\040\000o\000f\000\040\000t\000h\000e\000\040\000p\000r\000o\000o\000f}{}% 34
\BOOKMARK [2][-]{subsection.13.1}{\376\377\000T\000h\000e\000\040\000N\000\040\000=\000\040\0002\000\040\000c\000l\000a\000i\000m\000:\000\040\000c\000o\000n\000s\000i\000s\000t\000e\000n\000c\000y\000\040\000w\000i\000t\000h\000\040\000B\000K\000T}{section.13}% 35
\BOOKMARK [2][-]{subsection.13.2}{\376\377\000T\000h\000e\000\040\000\040\000b\000r\000e\000a\000k\000d\000o\000w\000n}{section.13}% 36
\BOOKMARK [2][-]{subsection.13.3}{\376\377\000C\000o\000n\000v\000e\000r\000g\000e\000n\000c\000e\000\040\000v\000s\000.\000\040\000B\000o\000r\000e\000l\000\040\000s\000u\000m\000m\000a\000b\000i\000l\000i\000t\000y\000\040\000o\000f\000\040\000t\000h\000e\000\040\0001\000/\000N\000\040\000e\000x\000p\000a\000n\000s\000i\000o\000n}{section.13}% 37
\BOOKMARK [2][-]{subsection.13.4}{\376\377\000C\000o\000m\000p\000a\000r\000i\000s\000o\000n\000\040\000w\000i\000t\000h\000\040\000K\000u\000p\000i\000a\000i\000n\000e\000n\000\040\000\050\0001\0009\0008\0000\000\051}{section.13}% 38
\BOOKMARK [2][-]{subsection.13.5}{\376\377\000W\000h\000y\000\040\000t\000h\000e\000\040\000p\000r\000o\000o\000f\000\040\000f\000a\000i\000l\000s\000\040\000i\000n\000\040\000d\000\040\000>\000\040\0002}{section.13}% 39
\BOOKMARK [2][-]{subsection.13.6}{\376\377\000T\000h\000e\000\040\000r\000e\000s\000o\000l\000v\000e\000n\000t\000\040\000p\000e\000r\000t\000u\000r\000b\000a\000t\000i\000o\000n\000:\000\040\000L\0002\000\040\000v\000s\000\040\000L}{section.13}% 40
