\BOOKMARK [1][-]{section.1}{\376\377\000T\000h\000e\000\040\000m\000o\000d\000e\000l}{}% 1
\BOOKMARK [1][-]{section.2}{\376\377\000H\000u\000b\000b\000a\000r\000d\000-\000S\000t\000r\000a\000t\000o\000n\000o\000v\000i\000c\000h\000\040\000w\000i\000t\000h\000\040\000i\000m\000a\000g\000i\000n\000a\000r\000y\000\040\000c\000o\000u\000p\000l\000i\000n\000g}{}% 2
\BOOKMARK [2][-]{subsection.2.1}{\376\377\000T\000h\000e\000\040\000s\000i\000g\000n\000\040\000p\000r\000o\000b\000l\000e\000m}{section.2}% 3
\BOOKMARK [2][-]{subsection.2.2}{\376\377\000T\000h\000e\000\040\000g\000a\000p\000\040\000e\000q\000u\000a\000t\000i\000o\000n}{section.2}% 4
\BOOKMARK [1][-]{section.3}{\376\377\000S\000t\000e\000e\000p\000e\000s\000t\000-\000d\000e\000s\000c\000e\000n\000t\000\040\000c\000o\000n\000t\000o\000u\000r\000\040\000r\000o\000t\000a\000t\000i\000o\000n}{}% 5
\BOOKMARK [2][-]{subsection.3.1}{\376\377\000T\000h\000e\000\040\000H\000e\000s\000s\000i\000a\000n\000\040\000a\000t\000\040\000t\000h\000e\000\040\000s\000a\000d\000d\000l\000e}{section.3}% 6
\BOOKMARK [2][-]{subsection.3.2}{\376\377\000R\000o\000t\000a\000t\000i\000o\000n\000\040\000t\000o\000\040\000t\000h\000e\000\040\000i\000m\000a\000g\000i\000n\000a\000r\000y\000\040\000a\000x\000i\000s}{section.3}% 7
\BOOKMARK [2][-]{subsection.3.3}{\376\377\000T\000h\000e\000\040\000d\000e\000f\000o\000r\000m\000e\000d\000\040\000c\000o\000n\000t\000o\000u\000r}{section.3}% 8
\BOOKMARK [2][-]{subsection.3.4}{\376\377\000S\000i\000n\000g\000u\000l\000a\000r\000i\000t\000y\000\040\000s\000t\000r\000u\000c\000t\000u\000r\000e}{section.3}% 9
\BOOKMARK [1][-]{section.4}{\376\377\000B\000r\000a\000s\000c\000a\000m\000p\000-\000L\000i\000e\000b\000\040\000f\000o\000r\000\040\000t\000h\000e\000\040\000r\000o\000t\000a\000t\000e\000d\000\040\000m\000e\000a\000s\000u\000r\000e}{}% 10
\BOOKMARK [2][-]{subsection.4.1}{\376\377\000L\000o\000g\000-\000c\000o\000n\000c\000a\000v\000i\000t\000y}{section.4}% 11
\BOOKMARK [2][-]{subsection.4.2}{\376\377\000B\000r\000a\000s\000c\000a\000m\000p\000-\000L\000i\000e\000b\000\040\000b\000o\000u\000n\000d\000s}{section.4}% 12
\BOOKMARK [1][-]{section.5}{\376\377\000F\000e\000y\000n\000m\000a\000n\000-\000K\000a\000c\000\040\000b\000o\000u\000n\000d\000\040\000w\000i\000t\000h\000\040\000r\000e\000a\000l\000\040\000p\000o\000t\000e\000n\000t\000i\000a\000l}{}% 13
\BOOKMARK [2][-]{subsection.5.1}{\376\377\000T\000h\000e\000\040\000p\000r\000o\000p\000a\000g\000a\000t\000o\000r\000\040\000i\000n\000\040\000r\000o\000t\000a\000t\000e\000d\000\040\000v\000a\000r\000i\000a\000b\000l\000e\000s}{section.5}% 14
\BOOKMARK [2][-]{subsection.5.2}{\376\377\000T\000h\000e\000\040\000n\000a\000i\000v\000e\000\040\000B\000o\000r\000e\000l\000l\000\040\000b\000o\000u\000n\000d\000\040\000a\000n\000d\000\040\000i\000t\000s\000\040\000f\000a\000i\000l\000u\000r\000e}{section.5}% 15
\BOOKMARK [2][-]{subsection.5.3}{\376\377\000O\000r\000i\000g\000i\000n\000\040\000o\000f\000\040\000t\000h\000e\000\040\000d\000i\000v\000e\000r\000g\000e\000n\000c\000e\000:\000\040\000d\000o\000u\000b\000l\000e\000-\000c\000o\000u\000n\000t\000i\000n\000g}{section.5}% 16
\BOOKMARK [2][-]{subsection.5.4}{\376\377\000T\000h\000e\000\040\000r\000e\000n\000o\000r\000m\000a\000l\000i\000z\000e\000d\000\040\000B\000o\000r\000e\000l\000l\000\040\000b\000o\000u\000n\000d}{section.5}% 17
\BOOKMARK [2][-]{subsection.5.5}{\376\377\000E\000s\000t\000i\000m\000a\000t\000e\000\040\000o\000f\000\040\000N\0000}{section.5}% 18
\BOOKMARK [2][-]{subsection.5.6}{\376\377\000M\000a\000i\000n\000\040\000t\000h\000e\000o\000r\000e\000m}{section.5}% 19
\BOOKMARK [1][-]{section.6}{\376\377\000T\000e\000s\000t\000\040\000c\000a\000s\000e\000:\000\040\000N\000\040\000=\000\040\0001\000\040\000\050\000P\000\050\000\051\0002\000\040\000t\000h\000e\000o\000r\000y\000\051}{}% 20
\BOOKMARK [2][-]{subsection.6.1}{\376\377\000T\000h\000e\000\040\000P\000\050\000\051\0002\000\040\000t\000h\000e\000o\000r\000y\000\040\000o\000n\000\040\000T\0002\000L}{section.6}% 21
\BOOKMARK [2][-]{subsection.6.2}{\376\377\000H\000S\000\040\000t\000r\000a\000n\000s\000f\000o\000r\000m\000a\000t\000i\000o\000n\000:\000\040\000d\000e\000g\000r\000e\000e\000\040\000r\000e\000d\000u\000c\000t\000i\000o\000n}{section.6}% 22
\BOOKMARK [2][-]{subsection.6.3}{\376\377\000G\000a\000p\000\040\000e\000q\000u\000a\000t\000i\000o\000n\000\040\000f\000o\000r\000\040\000N\000\040\000=\000\040\0001}{section.6}% 23
\BOOKMARK [2][-]{subsection.6.4}{\376\377\000C\000o\000n\000t\000o\000u\000r\000\040\000r\000o\000t\000a\000t\000i\000o\000n\000\040\000f\000o\000r\000\040\000N\000\040\000=\000\040\0001}{section.6}% 24
\BOOKMARK [2][-]{subsection.6.5}{\376\377\000W\000h\000a\000t\000\040\000c\000h\000a\000n\000g\000e\000s\000\040\000a\000t\000\040\000N\000\040\000=\000\040\0001}{section.6}% 25
\BOOKMARK [2][-]{subsection.6.6}{\376\377\000C\000o\000m\000p\000a\000r\000i\000s\000o\000n\000\040\000w\000i\000t\000h\000\040\000k\000n\000o\000w\000n\000\040\000P\000\050\000\051\0002\000\040\000r\000e\000s\000u\000l\000t\000s}{section.6}% 26
\BOOKMARK [2][-]{subsection.6.7}{\376\377\000F\000o\000r\000m\000a\000l\000i\000z\000a\000t\000i\000o\000n\000\040\000i\000n\000\040\000L\000e\000a\000n}{section.6}% 27
\BOOKMARK [1][-]{section.7}{\376\377\000D\000i\000s\000c\000u\000s\000s\000i\000o\000n}{}% 28
\BOOKMARK [2][-]{subsection.7.1}{\376\377\000C\000o\000m\000p\000a\000r\000i\000s\000o\000n\000\040\000w\000i\000t\000h\000\040\000K\000u\000p\000i\000a\000i\000n\000e\000n}{section.7}% 29
\BOOKMARK [2][-]{subsection.7.2}{\376\377\000T\000h\000e\000\040\000N\000\040\000=\000\040\0002\000\040\000o\000b\000s\000t\000r\000u\000c\000t\000i\000o\000n}{section.7}% 30
\BOOKMARK [2][-]{subsection.7.3}{\376\377\000W\000h\000a\000t\000\040\000r\000e\000m\000a\000i\000n\000s\000\040\000t\000o\000\040\000b\000e\000\040\000p\000r\000o\000v\000e\000d}{section.7}% 31
